<?xml version="1.0" encoding="UTF-8"?>
<!-- Generated by org.testng.reporters.JUnitXMLReporter -->
<testsuite hostname="DESKTOP-HT9LOUA" name="Test" tests="10" failures="1" timestamp="13 May 2016 12:36:41 GMT" time="358.209" errors="0">
  <testcase name="main" time="8.466" classname="testCases.TCLogInLogOut_Test"/>
  <testcase name="main" time="50.785" classname="testCases.TCTestZakladek_Test"/>
  <testcase name="main" time="18.467" classname="testCases.TCMojeOtwarteRealizacje_Test"/>
  <testcase name="main" time="11.342" classname="testCases.TCVisibilityCalendarPBXCall_Test"/>
  <testcase name="main" time="46.35" classname="testCases.TCKolejki_WyszukiwanieCalli_Test"/>
  <testcase name="main" time="27.516" classname="testCases.TCCosting_WyszukiwanieProjektuCostingowego_Test"/>
  <testcase name="main" time="34.027" classname="testCases.TCCosting_ProjektCostingowy_ExportUslug_Test"/>
  <testcase name="main" time="36.844" classname="testCases.TCRealizacjaCallaBladRADIOCall_Test">
    <failure type="org.openqa.selenium.NoSuchElementException" message="Unable to locate element: {&amp;quot;method&amp;quot;:&amp;quot;xpath&amp;quot;,&amp;quot;selector&amp;quot;:&amp;quot;//span[contains(@class,&amp;apos;glyphicon-user&amp;apos;)]&amp;quot;}
Command duration or timeout: 12.08 seconds
For documentation on this error, please visit: http://seleniumhq.org/exceptions/no_such_element.html
Build info: version: &amp;apos;2.53.0&amp;apos;, revision: &amp;apos;35ae25b1534ae328c771e0856c93e187490ca824&amp;apos;, time: &amp;apos;2016-03-15 10:43:46&amp;apos;
System info: host: &amp;apos;DESKTOP-HT9LOUA&amp;apos;, ip: &amp;apos;192.168.10.178&amp;apos;, os.name: &amp;apos;Windows 8.1&amp;apos;, os.arch: &amp;apos;amd64&amp;apos;, os.version: &amp;apos;6.3&amp;apos;, java.version: &amp;apos;1.7.0_79&amp;apos;
*** Element info: {Using=xpath, value=//span[contains(@class,&amp;apos;glyphicon-user&amp;apos;)]}
Session ID: c6740024-c03d-4c0d-aafd-7c366221ad20
Driver info: org.openqa.selenium.firefox.FirefoxDriver
Capabilities [{platform=WINDOWS, acceptSslCerts=true, javascriptEnabled=true, cssSelectorsEnabled=true, databaseEnabled=true, browserName=firefox, handlesAlerts=true, nativeEvents=false, webStorageEnabled=true, rotatable=false, locationContextEnabled=true, applicationCacheEnabled=true, takesScreenshot=true, version=46.0.1}]">
      <![CDATA[org.openqa.selenium.NoSuchElementException: Unable to locate element: {"method":"xpath","selector":"//span[contains(@class,'glyphicon-user')]"}
Command duration or timeout: 12.08 seconds
For documentation on this error, please visit: http://seleniumhq.org/exceptions/no_such_element.html
Build info: version: '2.53.0', revision: '35ae25b1534ae328c771e0856c93e187490ca824', time: '2016-03-15 10:43:46'
System info: host: 'DESKTOP-HT9LOUA', ip: '192.168.10.178', os.name: 'Windows 8.1', os.arch: 'amd64', os.version: '6.3', java.version: '1.7.0_79'
*** Element info: {Using=xpath, value=//span[contains(@class,'glyphicon-user')]}
Session ID: c6740024-c03d-4c0d-aafd-7c366221ad20
Driver info: org.openqa.selenium.firefox.FirefoxDriver
Capabilities [{platform=WINDOWS, acceptSslCerts=true, javascriptEnabled=true, cssSelectorsEnabled=true, databaseEnabled=true, browserName=firefox, handlesAlerts=true, nativeEvents=false, webStorageEnabled=true, rotatable=false, locationContextEnabled=true, applicationCacheEnabled=true, takesScreenshot=true, version=46.0.1}]
	at org.openqa.selenium.remote.ErrorHandler.createThrowable(ErrorHandler.java:206)
	at org.openqa.selenium.remote.ErrorHandler.throwIfResponseFailed(ErrorHandler.java:158)
	at org.openqa.selenium.remote.RemoteWebDriver.execute(RemoteWebDriver.java:678)
	at org.openqa.selenium.remote.RemoteWebDriver.findElement(RemoteWebDriver.java:363)
	at org.openqa.selenium.remote.RemoteWebDriver.findElementByXPath(RemoteWebDriver.java:500)
	at org.openqa.selenium.By$ByXPath.findElement(By.java:361)
	at org.openqa.selenium.remote.RemoteWebDriver.findElement(RemoteWebDriver.java:355)
	at pageObjects.Home_Page.lnk_LogOut(Home_Page.java:99)
	at appModules.LogOut_Action.Execute(LogOut_Action.java:11)
	at testCases.TCRealizacjaCallaBladRADIOCall_Test.main(TCRealizacjaCallaBladRADIOCall_Test.java:82)
Caused by: org.openqa.selenium.NoSuchElementException: Unable to locate element: {"method":"xpath","selector":"//span[contains(@class,'glyphicon-user')]"}
For documentation on this error, please visit: http://seleniumhq.org/exceptions/no_such_element.html
Build info: version: '2.53.0', revision: '35ae25b1534ae328c771e0856c93e187490ca824', time: '2016-03-15 10:43:46'
System info: host: 'DESKTOP-HT9LOUA', ip: '192.168.10.178', os.name: 'Windows 8.1', os.arch: 'amd64', os.version: '6.3', java.version: '1.7.0_79'
Driver info: driver.version: unknown
	at <anonymous class>.FirefoxDriver.prototype.findElementInternal_(file:///C:/WINDOWS/TEMP/anonymous6094901809507385564webdriver-profile/extensions/fxdriver@googlecode.com/components/driver-component.js:10770)
	at <anonymous class>.fxdriver.Timer.prototype.setTimeout/<.notify(file:///C:/WINDOWS/TEMP/anonymous6094901809507385564webdriver-profile/extensions/fxdriver@googlecode.com/components/driver-component.js:625)
... Removed 37 stack frames]]>
    </failure>
  </testcase> <!-- main -->
  <testcase name="main" time="22.711" classname="testCases.TCKolejkiLinkStareNowe_Test"/>
  <testcase name="main" time="22.716" classname="testCases.TCRealizacjeLinkStareNowe_Test"/>
</testsuite> <!-- Test -->
